# JRE version: OpenJDK Runtime Environment Temurin-21.0.8+9 (21.0.8+9) (build 21.0.8+9-LTS)
# Java VM: OpenJDK 64-Bit Server VM Temurin-21.0.8+9 (21.0.8+9-LTS, mixed mode, sharing, tiered, compressed oops, compressed class ptrs, parallel gc, windows-amd64)
GC Precious Log:
 CardTable entry size: 512
 CPUs: 2 total, 2 available
 Memory: 3914M
 Large Page Support: Disabled
 NUMA Support: Disabled
 Compressed Oops: Enabled (32-bit)
 Alignments: Space 512K, Generation 512K, Heap 2M
 Heap Min Capacity: 100M
 Heap Initial Capacity: 100M
 Heap Max Capacity: 2G
 Pre-touch: Disabled
 Parallel Workers: 2
Heap:
 PSYoungGen      total 22016K, used 13137K [0x00000000d5580000, 0x00000000d6d80000, 0x0000000100000000)
  eden space 21504K, 61% used [0x00000000d5580000,0x00000000d62547e8,0x00000000d6a80000)
  from space 512K, 0% used [0x00000000d6d00000,0x00000000d6d00000,0x00000000d6d80000)
  to   space 512K, 0% used [0x00000000d6c80000,0x00000000d6c80000,0x00000000d6d00000)
 ParOldGen       total 68608K, used 45092K [0x0000000080000000, 0x0000000084300000, 0x00000000d5580000)
  object space 68608K, 65% used [0x0000000080000000,0x0000000082c09170,0x0000000084300000)
 Metaspace       used 59019K, committed 60224K, reserved 1114112K
  class space    used 6366K, committed 6912K, reserved 1048576K
GC Heap History (20 events):
Event: 268.013 GC heap before
{Heap before GC invocations=28 (full 2):
 PSYoungGen      total 23552K, used 23364K [0x00000000d5580000, 0x00000000d6e80000, 0x0000000100000000)
  eden space 21504K, 100% used [0x00000000d5580000,0x00000000d6a80000,0x00000000d6a80000)
  from space 2048K, 90% used [0x00000000d6a80000,0x00000000d6c51000,0x00000000d6c80000)
  to   space 2048K, 0% used [0x00000000d6c80000,0x00000000d6c80000,0x00000000d6e80000)
 ParOldGen       total 68608K, used 38015K [0x0000000080000000, 0x0000000084300000, 0x00000000d5580000)
  object space 68608K, 55% used [0x0000000080000000,0x000000008251fee0,0x0000000084300000)
 Metaspace       used 52956K, committed 54144K, reserved 1114112K
  class space    used 5799K, committed 6336K, reserved 1048576K
}
Event: 268.028 GC heap after
{Heap after GC invocations=28 (full 2):
 PSYoungGen      total 23552K, used 1728K [0x00000000d5580000, 0x00000000d6e80000, 0x0000000100000000)
  eden space 21504K, 0% used [0x00000000d5580000,0x00000000d5580000,0x00000000d6a80000)
  from space 2048K, 84% used [0x00000000d6c80000,0x00000000d6e30000,0x00000000d6e80000)
  to   space 2048K, 0% used [0x00000000d6a80000,0x00000000d6a80000,0x00000000d6c80000)
 ParOldGen       total 68608K, used 39821K [0x0000000080000000, 0x0000000084300000, 0x00000000d5580000)
  object space 68608K, 58% used [0x0000000080000000,0x00000000826e36f8,0x0000000084300000)
 Metaspace       used 52956K, committed 54144K, reserved 1114112K
  class space    used 5799K, committed 6336K, reserved 1048576K
}
Event: 268.367 GC heap before
{Heap before GC invocations=29 (full 2):
 PSYoungGen      total 23552K, used 23232K [0x00000000d5580000, 0x00000000d6e80000, 0x0000000100000000)
  eden space 21504K, 100% used [0x00000000d5580000,0x00000000d6a80000,0x00000000d6a80000)
  from space 2048K, 84% used [0x00000000d6c80000,0x00000000d6e30000,0x00000000d6e80000)
  to   space 2048K, 0% used [0x00000000d6a80000,0x00000000d6a80000,0x00000000d6c80000)
 ParOldGen       total 68608K, used 39821K [0x0000000080000000, 0x0000000084300000, 0x00000000d5580000)
  object space 68608K, 58% used [0x0000000080000000,0x00000000826e36f8,0x0000000084300000)
 Metaspace       used 52995K, committed 54144K, reserved 1114112K
  class space    used 5801K, committed 6336K, reserved 1048576K
}
Event: 268.381 GC heap after
{Heap after GC invocations=29 (full 2):
 PSYoungGen      total 23552K, used 1920K [0x00000000d5580000, 0x00000000d6e80000, 0x0000000100000000)
  eden space 21504K, 0% used [0x00000000d5580000,0x00000000d5580000,0x00000000d6a80000)
  from space 2048K, 93% used [0x00000000d6a80000,0x00000000d6c60010,0x00000000d6c80000)
  to   space 2048K, 0% used [0x00000000d6c80000,0x00000000d6c80000,0x00000000d6e80000)
 ParOldGen       total 68608K, used 41509K [0x0000000080000000, 0x0000000084300000, 0x00000000d5580000)
  object space 68608K, 60% used [0x0000000080000000,0x00000000828896f8,0x0000000084300000)
 Metaspace       used 52995K, committed 54144K, reserved 1114112K
  class space    used 5801K, committed 6336K, reserved 1048576K
}
Event: 268.885 GC heap before
{Heap before GC invocations=30 (full 2):
 PSYoungGen      total 23552K, used 23424K [0x00000000d5580000, 0x00000000d6e80000, 0x0000000100000000)
  eden space 21504K, 100% used [0x00000000d5580000,0x00000000d6a80000,0x00000000d6a80000)
  from space 2048K, 93% used [0x00000000d6a80000,0x00000000d6c60010,0x00000000d6c80000)
  to   space 2048K, 0% used [0x00000000d6c80000,0x00000000d6c80000,0x00000000d6e80000)
 ParOldGen       total 68608K, used 41509K [0x0000000080000000, 0x0000000084300000, 0x00000000d5580000)
  object space 68608K, 60% used [0x0000000080000000,0x00000000828896f8,0x0000000084300000)
 Metaspace       used 53078K, committed 54272K, reserved 1114112K
  class space    used 5805K, committed 6336K, reserved 1048576K
}
Event: 268.899 GC heap after
{Heap after GC invocations=30 (full 2):
 PSYoungGen      total 23552K, used 1720K [0x00000000d5580000, 0x00000000d6e80000, 0x0000000100000000)
  eden space 21504K, 0% used [0x00000000d5580000,0x00000000d5580000,0x00000000d6a80000)
  from space 2048K, 84% used [0x00000000d6c80000,0x00000000d6e2e200,0x00000000d6e80000)
  to   space 2048K, 0% used [0x00000000d6a80000,0x00000000d6a80000,0x00000000d6c80000)
 ParOldGen       total 68608K, used 43389K [0x0000000080000000, 0x0000000084300000, 0x00000000d5580000)
  object space 68608K, 63% used [0x0000000080000000,0x0000000082a5f708,0x0000000084300000)
 Metaspace       used 53078K, committed 54272K, reserved 1114112K
  class space    used 5805K, committed 6336K, reserved 1048576K
}
Event: 269.433 GC heap before
{Heap before GC invocations=31 (full 2):
 PSYoungGen      total 23552K, used 23224K [0x00000000d5580000, 0x00000000d6e80000, 0x0000000100000000)
  eden space 21504K, 100% used [0x00000000d5580000,0x00000000d6a80000,0x00000000d6a80000)
  from space 2048K, 84% used [0x00000000d6c80000,0x00000000d6e2e200,0x00000000d6e80000)
  to   space 2048K, 0% used [0x00000000d6a80000,0x00000000d6a80000,0x00000000d6c80000)
 ParOldGen       total 68608K, used 43389K [0x0000000080000000, 0x0000000084300000, 0x00000000d5580000)
  object space 68608K, 63% used [0x0000000080000000,0x0000000082a5f708,0x0000000084300000)
 Metaspace       used 54245K, committed 55424K, reserved 1114112K
  class space    used 5933K, committed 6464K, reserved 1048576K
}
Event: 269.462 GC heap after
{Heap after GC invocations=31 (full 2):
 PSYoungGen      total 23040K, used 1376K [0x00000000d5580000, 0x00000000d6d80000, 0x0000000100000000)
  eden space 21504K, 0% used [0x00000000d5580000,0x00000000d5580000,0x00000000d6a80000)
  from space 1536K, 89% used [0x00000000d6a80000,0x00000000d6bd8000,0x00000000d6c00000)
  to   space 1536K, 0% used [0x00000000d6c00000,0x00000000d6c00000,0x00000000d6d80000)
 ParOldGen       total 68608K, used 45070K [0x0000000080000000, 0x0000000084300000, 0x00000000d5580000)
  object space 68608K, 65% used [0x0000000080000000,0x0000000082c03908,0x0000000084300000)
 Metaspace       used 54245K, committed 55424K, reserved 1114112K
  class space    used 5933K, committed 6464K, reserved 1048576K
}
Event: 273.693 GC heap before
{Heap before GC invocations=32 (full 2):
 PSYoungGen      total 23040K, used 22878K [0x00000000d5580000, 0x00000000d6d80000, 0x0000000100000000)
  eden space 21504K, 99% used [0x00000000d5580000,0x00000000d6a7f868,0x00000000d6a80000)
  from space 1536K, 89% used [0x00000000d6a80000,0x00000000d6bd8000,0x00000000d6c00000)
  to   space 1536K, 0% used [0x00000000d6c00000,0x00000000d6c00000,0x00000000d6d80000)
 ParOldGen       total 68608K, used 45070K [0x0000000080000000, 0x0000000084300000, 0x00000000d5580000)
  object space 68608K, 65% used [0x0000000080000000,0x0000000082c03908,0x0000000084300000)
 Metaspace       used 55881K, committed 57088K, reserved 1114112K
  class space    used 6109K, committed 6656K, reserved 1048576K
}
Event: 273.707 GC heap after
{Heap after GC invocations=32 (full 2):
 PSYoungGen      total 23040K, used 1214K [0x00000000d5580000, 0x00000000d6d80000, 0x0000000100000000)
  eden space 21504K, 0% used [0x00000000d5580000,0x00000000d5580000,0x00000000d6a80000)
  from space 1536K, 79% used [0x00000000d6c00000,0x00000000d6d2f958,0x00000000d6d80000)
  to   space 1536K, 0% used [0x00000000d6a80000,0x00000000d6a80000,0x00000000d6c00000)
 ParOldGen       total 68608K, used 46412K [0x0000000080000000, 0x0000000084300000, 0x00000000d5580000)
  object space 68608K, 67% used [0x0000000080000000,0x0000000082d532c8,0x0000000084300000)
 Metaspace       used 55881K, committed 57088K, reserved 1114112K
  class space    used 6109K, committed 6656K, reserved 1048576K
}
Event: 275.735 GC heap before
{Heap before GC invocations=33 (full 2):
 PSYoungGen      total 23040K, used 22718K [0x00000000d5580000, 0x00000000d6d80000, 0x0000000100000000)
  eden space 21504K, 100% used [0x00000000d5580000,0x00000000d6a80000,0x00000000d6a80000)
  from space 1536K, 79% used [0x00000000d6c00000,0x00000000d6d2f958,0x00000000d6d80000)
  to   space 1536K, 0% used [0x00000000d6a80000,0x00000000d6a80000,0x00000000d6c00000)
 ParOldGen       total 68608K, used 46412K [0x0000000080000000, 0x0000000084300000, 0x00000000d5580000)
  object space 68608K, 67% used [0x0000000080000000,0x0000000082d532c8,0x0000000084300000)
 Metaspace       used 56801K, committed 57984K, reserved 1114112K
  class space    used 6186K, committed 6720K, reserved 1048576K
}
Event: 275.743 GC heap after
{Heap after GC invocations=33 (full 2):
 PSYoungGen      total 23040K, used 1526K [0x00000000d5580000, 0x00000000d7180000, 0x0000000100000000)
  eden space 21504K, 0% used [0x00000000d5580000,0x00000000d5580000,0x00000000d6a80000)
  from space 1536K, 99% used [0x00000000d6a80000,0x00000000d6bfdad8,0x00000000d6c00000)
  to   space 3584K, 0% used [0x00000000d6e00000,0x00000000d6e00000,0x00000000d7180000)
 ParOldGen       total 68608K, used 47807K [0x0000000080000000, 0x0000000084300000, 0x00000000d5580000)
  object space 68608K, 69% used [0x0000000080000000,0x0000000082eafdd8,0x0000000084300000)
 Metaspace       used 56801K, committed 57984K, reserved 1114112K
  class space    used 6186K, committed 6720K, reserved 1048576K
}
Event: 276.792 GC heap before
{Heap before GC invocations=34 (full 2):
 PSYoungGen      total 23040K, used 23030K [0x00000000d5580000, 0x00000000d7180000, 0x0000000100000000)
  eden space 21504K, 100% used [0x00000000d5580000,0x00000000d6a80000,0x00000000d6a80000)
  from space 1536K, 99% used [0x00000000d6a80000,0x00000000d6bfdad8,0x00000000d6c00000)
  to   space 3584K, 0% used [0x00000000d6e00000,0x00000000d6e00000,0x00000000d7180000)
 ParOldGen       total 68608K, used 47807K [0x0000000080000000, 0x0000000084300000, 0x00000000d5580000)
  object space 68608K, 69% used [0x0000000080000000,0x0000000082eafdd8,0x0000000084300000)
 Metaspace       used 57574K, committed 58816K, reserved 1114112K
  class space    used 6240K, committed 6784K, reserved 1048576K
}
Event: 276.799 GC heap after
{Heap after GC invocations=34 (full 2):
 PSYoungGen      total 23040K, used 1365K [0x00000000d5580000, 0x00000000d6f80000, 0x0000000100000000)
  eden space 21504K, 0% used [0x00000000d5580000,0x00000000d5580000,0x00000000d6a80000)
  from space 1536K, 88% used [0x00000000d6e00000,0x00000000d6f55500,0x00000000d6f80000)
  to   space 2048K, 0% used [0x00000000d6b80000,0x00000000d6b80000,0x00000000d6d80000)
 ParOldGen       total 68608K, used 49323K [0x0000000080000000, 0x0000000084300000, 0x00000000d5580000)
  object space 68608K, 71% used [0x0000000080000000,0x000000008302ae80,0x0000000084300000)
 Metaspace       used 57574K, committed 58816K, reserved 1114112K
  class space    used 6240K, committed 6784K, reserved 1048576K
}
Event: 277.104 GC heap before
{Heap before GC invocations=35 (full 2):
 PSYoungGen      total 23040K, used 22869K [0x00000000d5580000, 0x00000000d6f80000, 0x0000000100000000)
  eden space 21504K, 100% used [0x00000000d5580000,0x00000000d6a80000,0x00000000d6a80000)
  from space 1536K, 88% used [0x00000000d6e00000,0x00000000d6f55500,0x00000000d6f80000)
  to   space 2048K, 0% used [0x00000000d6b80000,0x00000000d6b80000,0x00000000d6d80000)
 ParOldGen       total 68608K, used 49323K [0x0000000080000000, 0x0000000084300000, 0x00000000d5580000)
  object space 68608K, 71% used [0x0000000080000000,0x000000008302ae80,0x0000000084300000)
 Metaspace       used 57587K, committed 58816K, reserved 1114112K
  class space    used 6240K, committed 6784K, reserved 1048576K
}
Event: 277.109 GC heap after
{Heap after GC invocations=35 (full 2):
 PSYoungGen      total 22528K, used 752K [0x00000000d5580000, 0x00000000d6e80000, 0x0000000100000000)
  eden space 21504K, 0% used [0x00000000d5580000,0x00000000d5580000,0x00000000d6a80000)
  from space 1024K, 73% used [0x00000000d6b80000,0x00000000d6c3c100,0x00000000d6c80000)
  to   space 1536K, 0% used [0x00000000d6d00000,0x00000000d6d00000,0x00000000d6e80000)
 ParOldGen       total 68608K, used 50448K [0x0000000080000000, 0x0000000084300000, 0x00000000d5580000)
  object space 68608K, 73% used [0x0000000080000000,0x00000000831441d8,0x0000000084300000)
 Metaspace       used 57587K, committed 58816K, reserved 1114112K
  class space    used 6240K, committed 6784K, reserved 1048576K
}
Event: 277.435 GC heap before
{Heap before GC invocations=36 (full 2):
 PSYoungGen      total 22528K, used 8012K [0x00000000d5580000, 0x00000000d6e80000, 0x0000000100000000)
  eden space 21504K, 33% used [0x00000000d5580000,0x00000000d5c97130,0x00000000d6a80000)
  from space 1024K, 73% used [0x00000000d6b80000,0x00000000d6c3c100,0x00000000d6c80000)
  to   space 1536K, 0% used [0x00000000d6d00000,0x00000000d6d00000,0x00000000d6e80000)
 ParOldGen       total 68608K, used 50448K [0x0000000080000000, 0x0000000084300000, 0x00000000d5580000)
  object space 68608K, 73% used [0x0000000080000000,0x00000000831441d8,0x0000000084300000)
 Metaspace       used 58586K, committed 59776K, reserved 1114112K
  class space    used 6329K, committed 6848K, reserved 1048576K
}
Event: 277.443 GC heap after
{Heap after GC invocations=36 (full 2):
 PSYoungGen      total 22016K, used 209K [0x00000000d5580000, 0x00000000d6d80000, 0x0000000100000000)
  eden space 21504K, 0% used [0x00000000d5580000,0x00000000d5580000,0x00000000d6a80000)
  from space 512K, 41% used [0x00000000d6d00000,0x00000000d6d347d0,0x00000000d6d80000)
  to   space 512K, 0% used [0x00000000d6c80000,0x00000000d6c80000,0x00000000d6d00000)
 ParOldGen       total 68608K, used 50764K [0x0000000080000000, 0x0000000084300000, 0x00000000d5580000)
  object space 68608K, 73% used [0x0000000080000000,0x0000000083193158,0x0000000084300000)
 Metaspace       used 58586K, committed 59776K, reserved 1114112K
  class space    used 6329K, committed 6848K, reserved 1048576K
}
Event: 277.443 GC heap before
{Heap before GC invocations=37 (full 3):
 PSYoungGen      total 22016K, used 209K [0x00000000d5580000, 0x00000000d6d80000, 0x0000000100000000)
  eden space 21504K, 0% used [0x00000000d5580000,0x00000000d5580000,0x00000000d6a80000)
  from space 512K, 41% used [0x00000000d6d00000,0x00000000d6d347d0,0x00000000d6d80000)
  to   space 512K, 0% used [0x00000000d6c80000,0x00000000d6c80000,0x00000000d6d00000)
 ParOldGen       total 68608K, used 50764K [0x0000000080000000, 0x0000000084300000, 0x00000000d5580000)
  object space 68608K, 73% used [0x0000000080000000,0x0000000083193158,0x0000000084300000)
 Metaspace       used 58586K, committed 59776K, reserved 1114112K
  class space    used 6329K, committed 6848K, reserved 1048576K
}
Event: 278.139 GC heap after
{Heap after GC invocations=37 (full 3):
 PSYoungGen      total 22016K, used 0K [0x00000000d5580000, 0x00000000d6d80000, 0x0000000100000000)
  eden space 21504K, 0% used [0x00000000d5580000,0x00000000d5580000,0x00000000d6a80000)
  from space 512K, 0% used [0x00000000d6d00000,0x00000000d6d00000,0x00000000d6d80000)
  to   space 512K, 0% used [0x00000000d6c80000,0x00000000d6c80000,0x00000000d6d00000)
 ParOldGen       total 68608K, used 45092K [0x0000000080000000, 0x0000000084300000, 0x00000000d5580000)
  object space 68608K, 65% used [0x0000000080000000,0x0000000082c09170,0x0000000084300000)
 Metaspace       used 58586K, committed 59776K, reserved 1114112K
  class space    used 6329K, committed 6848K, reserved 1048576K
}

